[@0,0:2='int',<22>,1:0]
[@1,3:3=' ',<40>,channel=1,1:3]
[@2,4:4='c',<35>,1:4]
[@3,5:5=';',<1>,1:5]
[@4,6:6='\n',<40>,channel=1,1:6]
[@5,7:9='int',<22>,2:0]
[@6,10:10=' ',<40>,channel=1,2:3]
[@7,11:11='d',<35>,2:4]
[@8,12:12='[',<3>,2:5]
[@9,13:13='9',<36>,2:6]
[@10,14:14=']',<4>,2:7]
[@11,15:15=';',<1>,2:8]
[@12,16:16='\n',<40>,channel=1,2:9]
[@13,17:19='int',<22>,3:0]
[@14,20:20=' ',<40>,channel=1,3:3]
[@15,21:24='func',<35>,3:4]
[@16,25:25='(',<5>,3:8]
[@17,26:28='int',<22>,3:9]
[@18,29:29=' ',<40>,channel=1,3:12]
[@19,30:32='abb',<35>,3:13]
[@20,33:33=')',<6>,3:16]
[@21,34:34=' ',<40>,channel=1,3:17]
[@22,35:35='{',<9>,3:18]
[@23,36:41='\n     ',<40>,channel=1,3:19]
[@24,42:44='int',<22>,4:5]
[@25,45:45=' ',<40>,channel=1,4:8]
[@26,46:46='a',<35>,4:9]
[@27,47:47=';',<1>,4:10]
[@28,48:48='\n',<40>,channel=1,4:11]
[@29,49:49='}',<10>,5:0]
[@30,50:51='\n\n',<40>,channel=1,5:1]
[@31,52:55='void',<21>,7:0]
[@32,56:56=' ',<40>,channel=1,7:4]
[@33,57:60='main',<35>,7:5]
[@34,61:61='(',<5>,7:9]
[@35,62:62=')',<6>,7:10]
[@36,63:63=' ',<40>,channel=1,7:11]
[@37,64:64='{',<9>,7:12]
[@38,65:66='\n\n',<40>,channel=1,7:13]
[@39,67:67='}',<10>,9:0]
[@40,68:67='<EOF>',<-1>,9:1]
(program (decl (var_decl (type_spec int) c ;)) (decl (var_decl (type_spec int) d [ 9 ] ;)) (decl (fun_decl (type_spec int) func ( (params (param (type_spec int) abb)) ) (compound_stmt { (local_decl (type_spec int) a ;) }))) (decl (fun_decl (type_spec void) main ( params ) (compound_stmt { }))))

